/Users/mallikarjun.h/rcb-ticket-monitor/venv/lib/python3.9/site-packages/urllib3/__init__.py:35: NotOpenSSLWarning: urllib3 v2 only supports OpenSSL 1.1.1+, currently the 'ssl' module is compiled with 'LibreSSL 2.8.3'. See: https://github.com/urllib3/urllib3/issues/3020
  warnings.warn(
============================================================
     RCB (Royal Challengers Bengaluru) Ticket Monitor
============================================================
[2026-03-31 23:59:37] [INFO] Loaded 1 known match(es) from known_matches.json
[2026-03-31 23:59:37] [INFO] 🚀 Starting RCB Ticket Monitor (Multi-URL)
[2026-03-31 23:59:37] [INFO] Monitoring 1 URLs:
[2026-03-31 23:59:37] [INFO]   - https://shop.royalchallengers.com/ticket
[2026-03-31 23:59:37] [INFO] Check interval: 15 seconds
[2026-03-31 23:59:37] [INFO] Browser restart: Every 100 checks (~25 min)
[2026-03-31 23:59:37] [INFO] Press Ctrl+C to stop

[2026-03-31 23:59:37] [INFO] Check #1: Starting scan...
[2026-03-31 23:59:37] [INFO]   Checking: https://shop.royalchallengers.com/ticket
[2026-03-31 23:59:40] [INFO] Chrome driver initialized successfully (stealth mode)
[2026-03-31 23:59:54] [INFO]   ⏳ No tickets at https://shop.royalchallengers.com/ticket
[2026-03-31 23:59:54] [INFO] Starting next check cycle immediately...

[2026-03-31 23:59:55] [INFO] Check #2: Starting scan...
[2026-03-31 23:59:55] [INFO]   Checking: https://shop.royalchallengers.com/ticket
[2026-04-01 00:00:05] [INFO]   ⏳ No tickets at https://shop.royalchallengers.com/ticket
[2026-04-01 00:00:05] [INFO] Starting next check cycle immediately...

[2026-04-01 00:00:06] [INFO] Check #3: Starting scan...
[2026-04-01 00:00:06] [INFO]   Checking: https://shop.royalchallengers.com/ticket
[2026-04-01 00:00:17] [INFO]   ⏳ No tickets at https://shop.royalchallengers.com/ticket
[2026-04-01 00:00:17] [INFO] Starting next check cycle immediately...

[2026-04-01 00:00:18] [INFO] Check #4: Starting scan...
[2026-04-01 00:00:18] [INFO]   Checking: https://shop.royalchallengers.com/ticket
[2026-04-01 00:00:29] [INFO]   ⏳ No tickets at https://shop.royalchallengers.com/ticket
[2026-04-01 00:00:29] [INFO] Starting next check cycle immediately...

[2026-04-01 00:00:30] [INFO] Check #5: Starting scan...
[2026-04-01 00:00:30] [INFO]   Checking: https://shop.royalchallengers.com/ticket
[2026-04-01 00:00:41] [INFO]   ⏳ No tickets at https://shop.royalchallengers.com/ticket
[2026-04-01 00:00:41] [INFO] Starting next check cycle immediately...

[2026-04-01 00:00:42] [INFO] Check #6: Starting scan...
[2026-04-01 00:00:42] [INFO]   Checking: https://shop.royalchallengers.com/ticket
[2026-04-01 00:00:53] [INFO]   ⏳ No tickets at https://shop.royalchallengers.com/ticket
[2026-04-01 00:00:53] [INFO] Starting next check cycle immediately...

[2026-04-01 00:00:54] [INFO] Check #7: Starting scan...
[2026-04-01 00:00:54] [INFO]   Checking: https://shop.royalchallengers.com/ticket
[2026-04-01 00:01:04] [INFO]   ⏳ No tickets at https://shop.royalchallengers.com/ticket
[2026-04-01 00:01:04] [INFO] Starting next check cycle immediately...

[2026-04-01 00:01:05] [INFO] Check #8: Starting scan...
[2026-04-01 00:01:05] [INFO]   Checking: https://shop.royalchallengers.com/ticket
[2026-04-01 00:01:16] [INFO]   ⏳ No tickets at https://shop.royalchallengers.com/ticket
[2026-04-01 00:01:16] [INFO] Starting next check cycle immediately...

[2026-04-01 00:01:17] [INFO] Check #9: Starting scan...
[2026-04-01 00:01:17] [INFO]   Checking: https://shop.royalchallengers.com/ticket
[2026-04-01 00:01:28] [INFO]   ⏳ No tickets at https://shop.royalchallengers.com/ticket
[2026-04-01 00:01:28] [INFO] Starting next check cycle immediately...

[2026-04-01 00:01:29] [INFO] Check #10: Starting scan...
[2026-04-01 00:01:29] [INFO]   Checking: https://shop.royalchallengers.com/ticket
[2026-04-01 00:01:40] [INFO]   ⏳ No tickets at https://shop.royalchallengers.com/ticket
[2026-04-01 00:01:40] [INFO] Starting next check cycle immediately...

[2026-04-01 00:01:41] [INFO] Check #11: Starting scan...
[2026-04-01 00:01:41] [INFO]   Checking: https://shop.royalchallengers.com/ticket
[2026-04-01 00:01:51] [INFO]   ⏳ No tickets at https://shop.royalchallengers.com/ticket
[2026-04-01 00:01:51] [INFO] Starting next check cycle immediately...

[2026-04-01 00:01:52] [INFO] Check #12: Starting scan...
[2026-04-01 00:01:52] [INFO]   Checking: https://shop.royalchallengers.com/ticket
[2026-04-01 00:02:03] [INFO]   ⏳ No tickets at https://shop.royalchallengers.com/ticket
[2026-04-01 00:02:03] [INFO] Starting next check cycle immediately...

[2026-04-01 00:02:04] [INFO] Check #13: Starting scan...
[2026-04-01 00:02:04] [INFO]   Checking: https://shop.royalchallengers.com/ticket
[2026-04-01 00:02:15] [INFO]   ⏳ No tickets at https://shop.royalchallengers.com/ticket
[2026-04-01 00:02:15] [INFO] Starting next check cycle immediately...

[2026-04-01 00:02:16] [INFO] Check #14: Starting scan...
[2026-04-01 00:02:16] [INFO]   Checking: https://shop.royalchallengers.com/ticket
[2026-04-01 00:02:26] [INFO]   ⏳ No tickets at https://shop.royalchallengers.com/ticket
[2026-04-01 00:02:26] [INFO] Starting next check cycle immediately...

[2026-04-01 00:02:27] [INFO] Check #15: Starting scan...
[2026-04-01 00:02:27] [INFO]   Checking: https://shop.royalchallengers.com/ticket
[2026-04-01 00:02:38] [INFO]   ⏳ No tickets at https://shop.royalchallengers.com/ticket
[2026-04-01 00:02:38] [INFO] Starting next check cycle immediately...

[2026-04-01 00:02:39] [INFO] Check #16: Starting scan...
[2026-04-01 00:02:39] [INFO]   Checking: https://shop.royalchallengers.com/ticket
[2026-04-01 00:02:50] [INFO]   ⏳ No tickets at https://shop.royalchallengers.com/ticket
[2026-04-01 00:02:50] [INFO] Starting next check cycle immediately...

[2026-04-01 00:02:51] [INFO] Check #17: Starting scan...
[2026-04-01 00:02:51] [INFO]   Checking: https://shop.royalchallengers.com/ticket
[2026-04-01 00:03:02] [INFO]   ⏳ No tickets at https://shop.royalchallengers.com/ticket
[2026-04-01 00:03:02] [INFO] Starting next check cycle immediately...

[2026-04-01 00:03:03] [INFO] Check #18: Starting scan...
[2026-04-01 00:03:03] [INFO]   Checking: https://shop.royalchallengers.com/ticket
[2026-04-01 00:03:13] [INFO]   ⏳ No tickets at https://shop.royalchallengers.com/ticket
[2026-04-01 00:03:13] [INFO] Starting next check cycle immediately...

[2026-04-01 00:03:14] [INFO] Check #19: Starting scan...
[2026-04-01 00:03:14] [INFO]   Checking: https://shop.royalchallengers.com/ticket
[2026-04-01 00:03:25] [INFO]   ⏳ No tickets at https://shop.royalchallengers.com/ticket
[2026-04-01 00:03:25] [INFO] Starting next check cycle immediately...

[2026-04-01 00:03:26] [INFO] Check #20: Starting scan...
[2026-04-01 00:03:26] [INFO]   Checking: https://shop.royalchallengers.com/ticket
[2026-04-01 00:03:37] [INFO]   ⏳ No tickets at https://shop.royalchallengers.com/ticket
[2026-04-01 00:03:37] [INFO] Starting next check cycle immediately...

[2026-04-01 00:03:38] [INFO] Check #21: Starting scan...
[2026-04-01 00:03:38] [INFO]   Checking: https://shop.royalchallengers.com/ticket
[2026-04-01 00:03:49] [INFO]   ⏳ No tickets at https://shop.royalchallengers.com/ticket
[2026-04-01 00:03:49] [INFO] Starting next check cycle immediately...

[2026-04-01 00:03:50] [INFO] Check #22: Starting scan...
[2026-04-01 00:03:50] [INFO]   Checking: https://shop.royalchallengers.com/ticket
[2026-04-01 00:04:00] [INFO]   ⏳ No tickets at https://shop.royalchallengers.com/ticket
[2026-04-01 00:04:00] [INFO] Starting next check cycle immediately...

[2026-04-01 00:04:01] [INFO] Check #23: Starting scan...
[2026-04-01 00:04:01] [INFO]   Checking: https://shop.royalchallengers.com/ticket
[2026-04-01 00:04:12] [INFO]   ⏳ No tickets at https://shop.royalchallengers.com/ticket
[2026-04-01 00:04:12] [INFO] Starting next check cycle immediately...

[2026-04-01 00:04:13] [INFO] Check #24: Starting scan...
[2026-04-01 00:04:13] [INFO]   Checking: https://shop.royalchallengers.com/ticket
[2026-04-01 00:04:24] [INFO]   ⏳ No tickets at https://shop.royalchallengers.com/ticket
[2026-04-01 00:04:24] [INFO] Starting next check cycle immediately...

[2026-04-01 00:04:25] [INFO] Check #25: Starting scan...
[2026-04-01 00:04:25] [INFO]   Checking: https://shop.royalchallengers.com/ticket
[2026-04-01 00:04:36] [INFO]   ⏳ No tickets at https://shop.royalchallengers.com/ticket
[2026-04-01 00:04:36] [INFO] Starting next check cycle immediately...

[2026-04-01 00:04:37] [INFO] Check #26: Starting scan...
[2026-04-01 00:04:37] [INFO]   Checking: https://shop.royalchallengers.com/ticket
[2026-04-01 00:04:48] [INFO]   ⏳ No tickets at https://shop.royalchallengers.com/ticket
[2026-04-01 00:04:48] [INFO] Starting next check cycle immediately...

[2026-04-01 00:04:49] [INFO] Check #27: Starting scan...
[2026-04-01 00:04:49] [INFO]   Checking: https://shop.royalchallengers.com/ticket
[2026-04-01 00:04:59] [INFO]   ⏳ No tickets at https://shop.royalchallengers.com/ticket
[2026-04-01 00:04:59] [INFO] Starting next check cycle immediately...

[2026-04-01 00:05:00] [INFO] Check #28: Starting scan...
[2026-04-01 00:05:00] [INFO]   Checking: https://shop.royalchallengers.com/ticket
[2026-04-01 00:05:11] [INFO]   ⏳ No tickets at https://shop.royalchallengers.com/ticket
[2026-04-01 00:05:11] [INFO] Starting next check cycle immediately...

[2026-04-01 00:05:12] [INFO] Check #29: Starting scan...
[2026-04-01 00:05:12] [INFO]   Checking: https://shop.royalchallengers.com/ticket
[2026-04-01 00:05:23] [INFO]   ⏳ No tickets at https://shop.royalchallengers.com/ticket
[2026-04-01 00:05:23] [INFO] Starting next check cycle immediately...

[2026-04-01 00:05:24] [INFO] Check #30: Starting scan...
[2026-04-01 00:05:24] [INFO]   Checking: https://shop.royalchallengers.com/ticket
[2026-04-01 00:05:35] [INFO]   ⏳ No tickets at https://shop.royalchallengers.com/ticket
[2026-04-01 00:05:35] [INFO] Starting next check cycle immediately...

[2026-04-01 00:05:36] [INFO] Check #31: Starting scan...
[2026-04-01 00:05:36] [INFO]   Checking: https://shop.royalchallengers.com/ticket
[2026-04-01 00:05:46] [INFO]   ⏳ No tickets at https://shop.royalchallengers.com/ticket
[2026-04-01 00:05:46] [INFO] Starting next check cycle immediately...

[2026-04-01 00:05:47] [INFO] Check #32: Starting scan...
[2026-04-01 00:05:47] [INFO]   Checking: https://shop.royalchallengers.com/ticket
[2026-04-01 00:05:58] [INFO]   ⏳ No tickets at https://shop.royalchallengers.com/ticket
[2026-04-01 00:05:58] [INFO] Starting next check cycle immediately...

[2026-04-01 00:05:59] [INFO] Check #33: Starting scan...
[2026-04-01 00:05:59] [INFO]   Checking: https://shop.royalchallengers.com/ticket
[2026-04-01 00:06:10] [INFO]   ⏳ No tickets at https://shop.royalchallengers.com/ticket
[2026-04-01 00:06:10] [INFO] Starting next check cycle immediately...

[2026-04-01 00:06:11] [INFO] Check #34: Starting scan...
[2026-04-01 00:06:11] [INFO]   Checking: https://shop.royalchallengers.com/ticket
[2026-04-01 00:06:21] [INFO]   ⏳ No tickets at https://shop.royalchallengers.com/ticket
[2026-04-01 00:06:21] [INFO] Starting next check cycle immediately...

[2026-04-01 00:06:22] [INFO] Check #35: Starting scan...
[2026-04-01 00:06:22] [INFO]   Checking: https://shop.royalchallengers.com/ticket
[2026-04-01 00:06:33] [INFO]   ⏳ No tickets at https://shop.royalchallengers.com/ticket
[2026-04-01 00:06:33] [INFO] Starting next check cycle immediately...

[2026-04-01 00:06:34] [INFO] Check #36: Starting scan...
[2026-04-01 00:06:34] [INFO]   Checking: https://shop.royalchallengers.com/ticket
[2026-04-01 00:06:45] [INFO]   ⏳ No tickets at https://shop.royalchallengers.com/ticket
[2026-04-01 00:06:45] [INFO] Starting next check cycle immediately...

[2026-04-01 00:06:46] [INFO] Check #37: Starting scan...
[2026-04-01 00:06:46] [INFO]   Checking: https://shop.royalchallengers.com/ticket
[2026-04-01 00:06:57] [INFO]   ⏳ No tickets at https://shop.royalchallengers.com/ticket
[2026-04-01 00:06:57] [INFO] Starting next check cycle immediately...

[2026-04-01 00:06:58] [INFO] Check #38: Starting scan...
[2026-04-01 00:06:58] [INFO]   Checking: https://shop.royalchallengers.com/ticket
[2026-04-01 00:07:08] [INFO]   ⏳ No tickets at https://shop.royalchallengers.com/ticket
[2026-04-01 00:07:08] [INFO] Starting next check cycle immediately...

[2026-04-01 00:07:09] [INFO] Check #39: Starting scan...
[2026-04-01 00:07:09] [INFO]   Checking: https://shop.royalchallengers.com/ticket
[2026-04-01 00:07:20] [INFO]   ⏳ No tickets at https://shop.royalchallengers.com/ticket
[2026-04-01 00:07:20] [INFO] Starting next check cycle immediately...

[2026-04-01 00:07:21] [INFO] Check #40: Starting scan...
[2026-04-01 00:07:21] [INFO]   Checking: https://shop.royalchallengers.com/ticket
[2026-04-01 00:07:32] [INFO]   ⏳ No tickets at https://shop.royalchallengers.com/ticket
[2026-04-01 00:07:32] [INFO] Starting next check cycle immediately...

[2026-04-01 00:07:33] [INFO] Check #41: Starting scan...
[2026-04-01 00:07:33] [INFO]   Checking: https://shop.royalchallengers.com/ticket
[2026-04-01 00:07:43] [INFO]   ⏳ No tickets at https://shop.royalchallengers.com/ticket
[2026-04-01 00:07:43] [INFO] Starting next check cycle immediately...

[2026-04-01 00:07:44] [INFO] Check #42: Starting scan...
[2026-04-01 00:07:44] [INFO]   Checking: https://shop.royalchallengers.com/ticket
[2026-04-01 00:07:55] [INFO]   ⏳ No tickets at https://shop.royalchallengers.com/ticket
[2026-04-01 00:07:55] [INFO] Starting next check cycle immediately...

[2026-04-01 00:07:56] [INFO] Check #43: Starting scan...
[2026-04-01 00:07:56] [INFO]   Checking: https://shop.royalchallengers.com/ticket
[2026-04-01 00:08:07] [INFO]   ⏳ No tickets at https://shop.royalchallengers.com/ticket
[2026-04-01 00:08:07] [INFO] Starting next check cycle immediately...

[2026-04-01 00:08:08] [INFO] Check #44: Starting scan...
[2026-04-01 00:08:08] [INFO]   Checking: https://shop.royalchallengers.com/ticket
[2026-04-01 00:08:18] [INFO]   ⏳ No tickets at https://shop.royalchallengers.com/ticket
[2026-04-01 00:08:18] [INFO] Starting next check cycle immediately...

[2026-04-01 00:08:19] [INFO] Check #45: Starting scan...
[2026-04-01 00:08:19] [INFO]   Checking: https://shop.royalchallengers.com/ticket
[2026-04-01 00:08:30] [INFO]   ⏳ No tickets at https://shop.royalchallengers.com/ticket
[2026-04-01 00:08:30] [INFO] Starting next check cycle immediately...

[2026-04-01 00:08:31] [INFO] Check #46: Starting scan...
[2026-04-01 00:08:31] [INFO]   Checking: https://shop.royalchallengers.com/ticket
[2026-04-01 00:08:42] [INFO]   ⏳ No tickets at https://shop.royalchallengers.com/ticket
[2026-04-01 00:08:42] [INFO] Starting next check cycle immediately...

[2026-04-01 00:08:43] [INFO] Check #47: Starting scan...
[2026-04-01 00:08:43] [INFO]   Checking: https://shop.royalchallengers.com/ticket
[2026-04-01 00:08:54] [INFO]   ⏳ No tickets at https://shop.royalchallengers.com/ticket
[2026-04-01 00:08:54] [INFO] Starting next check cycle immediately...

[2026-04-01 00:08:55] [INFO] Check #48: Starting scan...
[2026-04-01 00:08:55] [INFO]   Checking: https://shop.royalchallengers.com/ticket
[2026-04-01 00:09:05] [INFO]   ⏳ No tickets at https://shop.royalchallengers.com/ticket
[2026-04-01 00:09:05] [INFO] Starting next check cycle immediately...

[2026-04-01 00:09:06] [INFO] Check #49: Starting scan...
[2026-04-01 00:09:06] [INFO]   Checking: https://shop.royalchallengers.com/ticket
[2026-04-01 00:09:17] [INFO]   ⏳ No tickets at https://shop.royalchallengers.com/ticket
[2026-04-01 00:09:17] [INFO] Starting next check cycle immediately...

[2026-04-01 00:09:18] [INFO] Check #50: Starting scan...
[2026-04-01 00:09:18] [INFO]   Checking: https://shop.royalchallengers.com/ticket
[2026-04-01 00:09:29] [INFO]   ⏳ No tickets at https://shop.royalchallengers.com/ticket
[2026-04-01 00:09:29] [INFO] Starting next check cycle immediately...

[2026-04-01 00:09:30] [INFO] Check #51: Starting scan...
[2026-04-01 00:09:30] [INFO]   Checking: https://shop.royalchallengers.com/ticket
[2026-04-01 00:09:41] [INFO]   ⏳ No tickets at https://shop.royalchallengers.com/ticket
[2026-04-01 00:09:41] [INFO] Starting next check cycle immediately...

[2026-04-01 00:09:42] [INFO] Check #52: Starting scan...
[2026-04-01 00:09:42] [INFO]   Checking: https://shop.royalchallengers.com/ticket
[2026-04-01 00:09:52] [INFO]   ⏳ No tickets at https://shop.royalchallengers.com/ticket
[2026-04-01 00:09:52] [INFO] Starting next check cycle immediately...

[2026-04-01 00:09:53] [INFO] Check #53: Starting scan...
[2026-04-01 00:09:53] [INFO]   Checking: https://shop.royalchallengers.com/ticket
[2026-04-01 00:10:04] [INFO]   ⏳ No tickets at https://shop.royalchallengers.com/ticket
[2026-04-01 00:10:04] [INFO] Starting next check cycle immediately...

[2026-04-01 00:10:05] [INFO] Check #54: Starting scan...
[2026-04-01 00:10:05] [INFO]   Checking: https://shop.royalchallengers.com/ticket
[2026-04-01 00:10:16] [INFO]   ⏳ No tickets at https://shop.royalchallengers.com/ticket
[2026-04-01 00:10:16] [INFO] Starting next check cycle immediately...

[2026-04-01 00:10:17] [INFO] Check #55: Starting scan...
[2026-04-01 00:10:17] [INFO]   Checking: https://shop.royalchallengers.com/ticket
[2026-04-01 00:10:28] [INFO]   ⏳ No tickets at https://shop.royalchallengers.com/ticket
[2026-04-01 00:10:28] [INFO] Starting next check cycle immediately...

[2026-04-01 00:10:29] [INFO] Check #56: Starting scan...
[2026-04-01 00:10:29] [INFO]   Checking: https://shop.royalchallengers.com/ticket
[2026-04-01 00:10:40] [INFO]   ⏳ No tickets at https://shop.royalchallengers.com/ticket
[2026-04-01 00:10:40] [INFO] Starting next check cycle immediately...

[2026-04-01 00:10:41] [INFO] Check #57: Starting scan...
[2026-04-01 00:10:41] [INFO]   Checking: https://shop.royalchallengers.com/ticket
[2026-04-01 00:10:52] [INFO]   ⏳ No tickets at https://shop.royalchallengers.com/ticket
[2026-04-01 00:10:52] [INFO] Starting next check cycle immediately...

[2026-04-01 00:10:53] [INFO] Check #58: Starting scan...
[2026-04-01 00:10:53] [INFO]   Checking: https://shop.royalchallengers.com/ticket
[2026-04-01 00:11:03] [INFO]   ⏳ No tickets at https://shop.royalchallengers.com/ticket
[2026-04-01 00:11:03] [INFO] Starting next check cycle immediately...

[2026-04-01 00:11:04] [INFO] Check #59: Starting scan...
[2026-04-01 00:11:04] [INFO]   Checking: https://shop.royalchallengers.com/ticket
[2026-04-01 00:11:15] [INFO]   ⏳ No tickets at https://shop.royalchallengers.com/ticket
[2026-04-01 00:11:15] [INFO] Starting next check cycle immediately...

[2026-04-01 00:11:16] [INFO] Check #60: Starting scan...
[2026-04-01 00:11:16] [INFO]   Checking: https://shop.royalchallengers.com/ticket
[2026-04-01 00:11:27] [INFO]   ⏳ No tickets at https://shop.royalchallengers.com/ticket
[2026-04-01 00:11:27] [INFO] Starting next check cycle immediately...

[2026-04-01 00:11:28] [INFO] Check #61: Starting scan...
[2026-04-01 00:11:28] [INFO]   Checking: https://shop.royalchallengers.com/ticket
[2026-04-01 00:11:39] [INFO]   ⏳ No tickets at https://shop.royalchallengers.com/ticket
[2026-04-01 00:11:39] [INFO] Starting next check cycle immediately...

[2026-04-01 00:11:40] [INFO] Check #62: Starting scan...
[2026-04-01 00:11:40] [INFO]   Checking: https://shop.royalchallengers.com/ticket
[2026-04-01 00:11:50] [INFO]   ⏳ No tickets at https://shop.royalchallengers.com/ticket
[2026-04-01 00:11:50] [INFO] Starting next check cycle immediately...

[2026-04-01 00:11:51] [INFO] Check #63: Starting scan...
[2026-04-01 00:11:51] [INFO]   Checking: https://shop.royalchallengers.com/ticket
[2026-04-01 00:12:02] [INFO]   ⏳ No tickets at https://shop.royalchallengers.com/ticket
[2026-04-01 00:12:02] [INFO] Starting next check cycle immediately...

[2026-04-01 00:12:03] [INFO] Check #64: Starting scan...
[2026-04-01 00:12:03] [INFO]   Checking: https://shop.royalchallengers.com/ticket
[2026-04-01 00:12:14] [INFO]   ⏳ No tickets at https://shop.royalchallengers.com/ticket
[2026-04-01 00:12:14] [INFO] Starting next check cycle immediately...

[2026-04-01 00:12:15] [INFO] Check #65: Starting scan...
[2026-04-01 00:12:15] [INFO]   Checking: https://shop.royalchallengers.com/ticket
[2026-04-01 00:12:25] [INFO]   ⏳ No tickets at https://shop.royalchallengers.com/ticket
[2026-04-01 00:12:25] [INFO] Starting next check cycle immediately...

[2026-04-01 00:12:26] [INFO] Check #66: Starting scan...
[2026-04-01 00:12:26] [INFO]   Checking: https://shop.royalchallengers.com/ticket
[2026-04-01 00:12:37] [INFO]   ⏳ No tickets at https://shop.royalchallengers.com/ticket
[2026-04-01 00:12:37] [INFO] Starting next check cycle immediately...

[2026-04-01 00:12:38] [INFO] Check #67: Starting scan...
[2026-04-01 00:12:38] [INFO]   Checking: https://shop.royalchallengers.com/ticket
[2026-04-01 00:12:49] [INFO]   ⏳ No tickets at https://shop.royalchallengers.com/ticket
[2026-04-01 00:12:49] [INFO] Starting next check cycle immediately...

[2026-04-01 00:12:50] [INFO] Check #68: Starting scan...
[2026-04-01 00:12:50] [INFO]   Checking: https://shop.royalchallengers.com/ticket
[2026-04-01 00:13:01] [INFO]   ⏳ No tickets at https://shop.royalchallengers.com/ticket
[2026-04-01 00:13:01] [INFO] Starting next check cycle immediately...

[2026-04-01 00:13:02] [INFO] Check #69: Starting scan...
[2026-04-01 00:13:02] [INFO]   Checking: https://shop.royalchallengers.com/ticket
[2026-04-01 00:13:12] [INFO]   ⏳ No tickets at https://shop.royalchallengers.com/ticket
[2026-04-01 00:13:12] [INFO] Starting next check cycle immediately...

[2026-04-01 00:13:13] [INFO] Check #70: Starting scan...
[2026-04-01 00:13:13] [INFO]   Checking: https://shop.royalchallengers.com/ticket
[2026-04-01 00:13:24] [INFO]   ⏳ No tickets at https://shop.royalchallengers.com/ticket
[2026-04-01 00:13:24] [INFO] Starting next check cycle immediately...

[2026-04-01 00:13:25] [INFO] Check #71: Starting scan...
[2026-04-01 00:13:25] [INFO]   Checking: https://shop.royalchallengers.com/ticket
[2026-04-01 00:13:36] [INFO]   ⏳ No tickets at https://shop.royalchallengers.com/ticket
[2026-04-01 00:13:36] [INFO] Starting next check cycle immediately...

[2026-04-01 00:13:37] [INFO] Check #72: Starting scan...
[2026-04-01 00:13:37] [INFO]   Checking: https://shop.royalchallengers.com/ticket
[2026-04-01 00:13:47] [INFO]   ⏳ No tickets at https://shop.royalchallengers.com/ticket
[2026-04-01 00:13:47] [INFO] Starting next check cycle immediately...

[2026-04-01 00:13:48] [INFO] Check #73: Starting scan...
[2026-04-01 00:13:48] [INFO]   Checking: https://shop.royalchallengers.com/ticket
[2026-04-01 00:13:59] [INFO]   ⏳ No tickets at https://shop.royalchallengers.com/ticket
[2026-04-01 00:13:59] [INFO] Starting next check cycle immediately...

[2026-04-01 00:14:00] [INFO] Check #74: Starting scan...
[2026-04-01 00:14:00] [INFO]   Checking: https://shop.royalchallengers.com/ticket
[2026-04-01 00:14:11] [INFO]   ⏳ No tickets at https://shop.royalchallengers.com/ticket
[2026-04-01 00:14:11] [INFO] Starting next check cycle immediately...

[2026-04-01 00:14:12] [INFO] Check #75: Starting scan...
[2026-04-01 00:14:12] [INFO]   Checking: https://shop.royalchallengers.com/ticket
[2026-04-01 00:14:22] [INFO]   ⏳ No tickets at https://shop.royalchallengers.com/ticket
[2026-04-01 00:14:22] [INFO] Starting next check cycle immediately...

[2026-04-01 00:14:24] [INFO] Check #76: Starting scan...
[2026-04-01 00:14:24] [INFO]   Checking: https://shop.royalchallengers.com/ticket
[2026-04-01 00:14:34] [INFO]   ⏳ No tickets at https://shop.royalchallengers.com/ticket
[2026-04-01 00:14:34] [INFO] Starting next check cycle immediately...

[2026-04-01 00:14:35] [INFO] Check #77: Starting scan...
[2026-04-01 00:14:35] [INFO]   Checking: https://shop.royalchallengers.com/ticket
[2026-04-01 00:14:46] [INFO]   ⏳ No tickets at https://shop.royalchallengers.com/ticket
[2026-04-01 00:14:46] [INFO] Starting next check cycle immediately...

[2026-04-01 00:14:47] [INFO] Check #78: Starting scan...
[2026-04-01 00:14:47] [INFO]   Checking: https://shop.royalchallengers.com/ticket
[2026-04-01 00:14:59] [INFO]   ⏳ No tickets at https://shop.royalchallengers.com/ticket
[2026-04-01 00:14:59] [INFO] Starting next check cycle immediately...

[2026-04-01 00:15:00] [INFO] Check #79: Starting scan...
[2026-04-01 00:15:00] [INFO]   Checking: https://shop.royalchallengers.com/ticket
[2026-04-01 00:15:11] [INFO]   ⏳ No tickets at https://shop.royalchallengers.com/ticket
[2026-04-01 00:15:11] [INFO] Starting next check cycle immediately...

[2026-04-01 00:15:12] [INFO] Check #80: Starting scan...
[2026-04-01 00:15:12] [INFO]   Checking: https://shop.royalchallengers.com/ticket
[2026-04-01 00:15:22] [INFO]   ⏳ No tickets at https://shop.royalchallengers.com/ticket
[2026-04-01 00:15:22] [INFO] Starting next check cycle immediately...

[2026-04-01 00:15:23] [INFO] Check #81: Starting scan...
[2026-04-01 00:15:23] [INFO]   Checking: https://shop.royalchallengers.com/ticket
[2026-04-01 00:15:34] [INFO]   ⏳ No tickets at https://shop.royalchallengers.com/ticket
[2026-04-01 00:15:34] [INFO] Starting next check cycle immediately...

[2026-04-01 00:15:35] [INFO] Check #82: Starting scan...
[2026-04-01 00:15:35] [INFO]   Checking: https://shop.royalchallengers.com/ticket
[2026-04-01 00:15:46] [INFO]   ⏳ No tickets at https://shop.royalchallengers.com/ticket
[2026-04-01 00:15:46] [INFO] Starting next check cycle immediately...

[2026-04-01 00:15:47] [INFO] Check #83: Starting scan...
[2026-04-01 00:15:47] [INFO]   Checking: https://shop.royalchallengers.com/ticket
[2026-04-01 00:15:57] [INFO]   ⏳ No tickets at https://shop.royalchallengers.com/ticket
[2026-04-01 00:15:57] [INFO] Starting next check cycle immediately...

[2026-04-01 00:15:58] [INFO] Check #84: Starting scan...
[2026-04-01 00:15:58] [INFO]   Checking: https://shop.royalchallengers.com/ticket
[2026-04-01 00:16:09] [INFO]   ⏳ No tickets at https://shop.royalchallengers.com/ticket
[2026-04-01 00:16:09] [INFO] Starting next check cycle immediately...

[2026-04-01 00:16:10] [INFO] Check #85: Starting scan...
[2026-04-01 00:16:10] [INFO]   Checking: https://shop.royalchallengers.com/ticket
[2026-04-01 00:16:21] [INFO]   ⏳ No tickets at https://shop.royalchallengers.com/ticket
[2026-04-01 00:16:21] [INFO] Starting next check cycle immediately...

[2026-04-01 00:16:22] [INFO] Check #86: Starting scan...
[2026-04-01 00:16:22] [INFO]   Checking: https://shop.royalchallengers.com/ticket
[2026-04-01 00:16:33] [INFO]   ⏳ No tickets at https://shop.royalchallengers.com/ticket
[2026-04-01 00:16:33] [INFO] Starting next check cycle immediately...

[2026-04-01 00:16:34] [INFO] Check #87: Starting scan...
[2026-04-01 00:16:34] [INFO]   Checking: https://shop.royalchallengers.com/ticket
[2026-04-01 00:16:45] [INFO]   ⏳ No tickets at https://shop.royalchallengers.com/ticket
[2026-04-01 00:16:45] [INFO] Starting next check cycle immediately...

[2026-04-01 00:16:46] [INFO] Check #88: Starting scan...
[2026-04-01 00:16:46] [INFO]   Checking: https://shop.royalchallengers.com/ticket
[2026-04-01 00:16:56] [INFO]   ⏳ No tickets at https://shop.royalchallengers.com/ticket
[2026-04-01 00:16:56] [INFO] Starting next check cycle immediately...

[2026-04-01 00:16:57] [INFO] Check #89: Starting scan...
[2026-04-01 00:16:57] [INFO]   Checking: https://shop.royalchallengers.com/ticket
[2026-04-01 00:17:08] [INFO]   ⏳ No tickets at https://shop.royalchallengers.com/ticket
[2026-04-01 00:17:08] [INFO] Starting next check cycle immediately...

[2026-04-01 00:17:09] [INFO] Check #90: Starting scan...
[2026-04-01 00:17:09] [INFO]   Checking: https://shop.royalchallengers.com/ticket
[2026-04-01 00:17:20] [INFO]   ⏳ No tickets at https://shop.royalchallengers.com/ticket
[2026-04-01 00:17:20] [INFO] Starting next check cycle immediately...

[2026-04-01 00:17:21] [INFO] Check #91: Starting scan...
[2026-04-01 00:17:21] [INFO]   Checking: https://shop.royalchallengers.com/ticket
[2026-04-01 00:17:32] [INFO]   ⏳ No tickets at https://shop.royalchallengers.com/ticket
[2026-04-01 00:17:32] [INFO] Starting next check cycle immediately...

[2026-04-01 00:17:33] [INFO] Check #92: Starting scan...
[2026-04-01 00:17:33] [INFO]   Checking: https://shop.royalchallengers.com/ticket
[2026-04-01 00:17:43] [INFO]   ⏳ No tickets at https://shop.royalchallengers.com/ticket
[2026-04-01 00:17:43] [INFO] Starting next check cycle immediately...

[2026-04-01 00:17:44] [INFO] Check #93: Starting scan...
[2026-04-01 00:17:44] [INFO]   Checking: https://shop.royalchallengers.com/ticket
[2026-04-01 00:17:55] [INFO]   ⏳ No tickets at https://shop.royalchallengers.com/ticket
[2026-04-01 00:17:55] [INFO] Starting next check cycle immediately...

[2026-04-01 00:17:56] [INFO] Check #94: Starting scan...
[2026-04-01 00:17:56] [INFO]   Checking: https://shop.royalchallengers.com/ticket
[2026-04-01 00:18:19] [INFO]   ⏳ No tickets at https://shop.royalchallengers.com/ticket
[2026-04-01 00:18:19] [INFO] Starting next check cycle immediately...

[2026-04-01 00:18:20] [INFO] Check #95: Starting scan...
[2026-04-01 00:18:20] [INFO]   Checking: https://shop.royalchallengers.com/ticket
[2026-04-01 00:18:30] [INFO]   ⏳ No tickets at https://shop.royalchallengers.com/ticket
[2026-04-01 00:18:30] [INFO] Starting next check cycle immediately...

[2026-04-01 00:18:31] [INFO] Check #96: Starting scan...
[2026-04-01 00:18:31] [INFO]   Checking: https://shop.royalchallengers.com/ticket
[2026-04-01 00:18:42] [INFO]   ⏳ No tickets at https://shop.royalchallengers.com/ticket
[2026-04-01 00:18:42] [INFO] Starting next check cycle immediately...

[2026-04-01 00:18:43] [INFO] Check #97: Starting scan...
[2026-04-01 00:18:43] [INFO]   Checking: https://shop.royalchallengers.com/ticket
[2026-04-01 00:18:54] [INFO]   ⏳ No tickets at https://shop.royalchallengers.com/ticket
[2026-04-01 00:18:54] [INFO] Starting next check cycle immediately...

[2026-04-01 00:18:55] [INFO] Check #98: Starting scan...
[2026-04-01 00:18:55] [INFO]   Checking: https://shop.royalchallengers.com/ticket
[2026-04-01 00:19:05] [INFO]   ⏳ No tickets at https://shop.royalchallengers.com/ticket
[2026-04-01 00:19:05] [INFO] Starting next check cycle immediately...

[2026-04-01 00:19:06] [INFO] Check #99: Starting scan...
[2026-04-01 00:19:06] [INFO]   Checking: https://shop.royalchallengers.com/ticket
[2026-04-01 00:19:17] [INFO]   ⏳ No tickets at https://shop.royalchallengers.com/ticket
[2026-04-01 00:19:17] [INFO] Starting next check cycle immediately...

[2026-04-01 00:19:18] [INFO] Check #100: Starting scan...
[2026-04-01 00:19:18] [INFO]   Checking: https://shop.royalchallengers.com/ticket
[2026-04-01 00:19:29] [INFO]   ⏳ No tickets at https://shop.royalchallengers.com/ticket
[2026-04-01 00:19:29] [INFO] Starting next check cycle immediately...

[2026-04-01 00:19:30] [INFO] Check #101: Starting scan...
[2026-04-01 00:19:30] [INFO]   Checking: https://shop.royalchallengers.com/ticket
[2026-04-01 00:19:30] [INFO] Restarting browser to free memory...
[2026-04-01 00:19:33] [ERROR] Error setting up Chrome driver: Message: Service /Users/mallikarjun.h/.wdm/drivers/chromedriver/mac64/146.0.7680.165/chromedriver-mac-arm64/chromedriver unexpectedly exited. Status code was: -9

[2026-04-01 00:20:06] [ERROR] Error setting up Chrome driver: Message: Can not connect to the Service /Users/mallikarjun.h/.wdm/drivers/chromedriver/mac64/146.0.7680.165/chromedriver-mac-arm64/chromedriver

Service process refused to terminate gracefully with SIGTERM, escalating to SIGKILL.
Traceback (most recent call last):
  File "/Users/mallikarjun.h/rcb-ticket-monitor/venv/lib/python3.9/site-packages/selenium/webdriver/common/service.py", line 180, in _terminate_process
    self.process.wait(60)
  File "/Library/Developer/CommandLineTools/Library/Frameworks/Python3.framework/Versions/3.9/lib/python3.9/subprocess.py", line 1189, in wait
    return self._wait(timeout=timeout)
  File "/Library/Developer/CommandLineTools/Library/Frameworks/Python3.framework/Versions/3.9/lib/python3.9/subprocess.py", line 1909, in _wait
    raise TimeoutExpired(self.args, timeout)
subprocess.TimeoutExpired: Command '['/Users/mallikarjun.h/.wdm/drivers/chromedriver/mac64/146.0.7680.165/chromedriver-mac-arm64/chromedriver', '--enable-chrome-logs', '--port=62931']' timed out after 60 seconds
[2026-04-01 00:21:06] [WARNING]   ❌ Failed to fetch https://shop.royalchallengers.com/ticket
[2026-04-01 00:21:06] [INFO] Starting next check cycle immediately...

[2026-04-01 00:21:07] [INFO] Check #102: Starting scan...
[2026-04-01 00:21:07] [INFO]   Checking: https://shop.royalchallengers.com/ticket
[2026-04-01 00:21:40] [ERROR] Error setting up Chrome driver: Message: Can not connect to the Service /Users/mallikarjun.h/.wdm/drivers/chromedriver/mac64/146.0.7680.165/chromedriver-mac-arm64/chromedriver

Service process refused to terminate gracefully with SIGTERM, escalating to SIGKILL.
Traceback (most recent call last):
  File "/Users/mallikarjun.h/rcb-ticket-monitor/venv/lib/python3.9/site-packages/selenium/webdriver/common/service.py", line 180, in _terminate_process
    self.process.wait(60)
  File "/Library/Developer/CommandLineTools/Library/Frameworks/Python3.framework/Versions/3.9/lib/python3.9/subprocess.py", line 1189, in wait
    return self._wait(timeout=timeout)
  File "/Library/Developer/CommandLineTools/Library/Frameworks/Python3.framework/Versions/3.9/lib/python3.9/subprocess.py", line 1909, in _wait
    raise TimeoutExpired(self.args, timeout)
subprocess.TimeoutExpired: Command '['/Users/mallikarjun.h/.wdm/drivers/chromedriver/mac64/146.0.7680.165/chromedriver-mac-arm64/chromedriver', '--enable-chrome-logs', '--port=63237']' timed out after 60 seconds
[2026-04-01 00:22:40] [WARNING]   ❌ Failed to fetch https://shop.royalchallengers.com/ticket
[2026-04-01 00:22:40] [INFO] Starting next check cycle immediately...

[2026-04-01 00:22:41] [INFO] Check #103: Starting scan...
[2026-04-01 00:22:41] [INFO]   Checking: https://shop.royalchallengers.com/ticket
[2026-04-01 00:23:14] [ERROR] Error setting up Chrome driver: Message: Can not connect to the Service /Users/mallikarjun.h/.wdm/drivers/chromedriver/mac64/146.0.7680.165/chromedriver-mac-arm64/chromedriver

Service process refused to terminate gracefully with SIGTERM, escalating to SIGKILL.
Traceback (most recent call last):
  File "/Users/mallikarjun.h/rcb-ticket-monitor/venv/lib/python3.9/site-packages/selenium/webdriver/common/service.py", line 180, in _terminate_process
    self.process.wait(60)
  File "/Library/Developer/CommandLineTools/Library/Frameworks/Python3.framework/Versions/3.9/lib/python3.9/subprocess.py", line 1189, in wait
    return self._wait(timeout=timeout)
  File "/Library/Developer/CommandLineTools/Library/Frameworks/Python3.framework/Versions/3.9/lib/python3.9/subprocess.py", line 1909, in _wait
    raise TimeoutExpired(self.args, timeout)
subprocess.TimeoutExpired: Command '['/Users/mallikarjun.h/.wdm/drivers/chromedriver/mac64/146.0.7680.165/chromedriver-mac-arm64/chromedriver', '--enable-chrome-logs', '--port=63391']' timed out after 60 seconds
[2026-04-01 00:24:14] [WARNING]   ❌ Failed to fetch https://shop.royalchallengers.com/ticket
[2026-04-01 00:24:14] [INFO] Starting next check cycle immediately...

[2026-04-01 00:24:15] [INFO] Check #104: Starting scan...
[2026-04-01 00:24:15] [INFO]   Checking: https://shop.royalchallengers.com/ticket
[2026-04-01 00:24:48] [ERROR] Error setting up Chrome driver: Message: Can not connect to the Service /Users/mallikarjun.h/.wdm/drivers/chromedriver/mac64/146.0.7680.165/chromedriver-mac-arm64/chromedriver

Service process refused to terminate gracefully with SIGTERM, escalating to SIGKILL.
Traceback (most recent call last):
  File "/Users/mallikarjun.h/rcb-ticket-monitor/venv/lib/python3.9/site-packages/selenium/webdriver/common/service.py", line 180, in _terminate_process
    self.process.wait(60)
  File "/Library/Developer/CommandLineTools/Library/Frameworks/Python3.framework/Versions/3.9/lib/python3.9/subprocess.py", line 1189, in wait
    return self._wait(timeout=timeout)
  File "/Library/Developer/CommandLineTools/Library/Frameworks/Python3.framework/Versions/3.9/lib/python3.9/subprocess.py", line 1909, in _wait
    raise TimeoutExpired(self.args, timeout)
subprocess.TimeoutExpired: Command '['/Users/mallikarjun.h/.wdm/drivers/chromedriver/mac64/146.0.7680.165/chromedriver-mac-arm64/chromedriver', '--enable-chrome-logs', '--port=63566']' timed out after 60 seconds
[2026-04-01 00:25:48] [WARNING]   ❌ Failed to fetch https://shop.royalchallengers.com/ticket
[2026-04-01 00:25:48] [INFO] Starting next check cycle immediately...

[2026-04-01 00:25:49] [INFO] Check #105: Starting scan...
[2026-04-01 00:25:49] [INFO]   Checking: https://shop.royalchallengers.com/ticket
[2026-04-01 00:26:22] [ERROR] Error setting up Chrome driver: Message: Can not connect to the Service /Users/mallikarjun.h/.wdm/drivers/chromedriver/mac64/146.0.7680.165/chromedriver-mac-arm64/chromedriver

Service process refused to terminate gracefully with SIGTERM, escalating to SIGKILL.
Traceback (most recent call last):
  File "/Users/mallikarjun.h/rcb-ticket-monitor/venv/lib/python3.9/site-packages/selenium/webdriver/common/service.py", line 180, in _terminate_process
    self.process.wait(60)
  File "/Library/Developer/CommandLineTools/Library/Frameworks/Python3.framework/Versions/3.9/lib/python3.9/subprocess.py", line 1189, in wait
    return self._wait(timeout=timeout)
  File "/Library/Developer/CommandLineTools/Library/Frameworks/Python3.framework/Versions/3.9/lib/python3.9/subprocess.py", line 1909, in _wait
    raise TimeoutExpired(self.args, timeout)
subprocess.TimeoutExpired: Command '['/Users/mallikarjun.h/.wdm/drivers/chromedriver/mac64/146.0.7680.165/chromedriver-mac-arm64/chromedriver', '--enable-chrome-logs', '--port=63719']' timed out after 60 seconds
[2026-04-01 00:27:22] [WARNING]   ❌ Failed to fetch https://shop.royalchallengers.com/ticket
[2026-04-01 00:27:22] [INFO] Starting next check cycle immediately...

[2026-04-01 00:27:23] [INFO] Check #106: Starting scan...
[2026-04-01 00:27:23] [INFO]   Checking: https://shop.royalchallengers.com/ticket
[2026-04-01 00:27:56] [ERROR] Error setting up Chrome driver: Message: Can not connect to the Service /Users/mallikarjun.h/.wdm/drivers/chromedriver/mac64/146.0.7680.165/chromedriver-mac-arm64/chromedriver

Service process refused to terminate gracefully with SIGTERM, escalating to SIGKILL.
Traceback (most recent call last):
  File "/Users/mallikarjun.h/rcb-ticket-monitor/venv/lib/python3.9/site-packages/selenium/webdriver/common/service.py", line 180, in _terminate_process
    self.process.wait(60)
  File "/Library/Developer/CommandLineTools/Library/Frameworks/Python3.framework/Versions/3.9/lib/python3.9/subprocess.py", line 1189, in wait
    return self._wait(timeout=timeout)
  File "/Library/Developer/CommandLineTools/Library/Frameworks/Python3.framework/Versions/3.9/lib/python3.9/subprocess.py", line 1909, in _wait
    raise TimeoutExpired(self.args, timeout)
subprocess.TimeoutExpired: Command '['/Users/mallikarjun.h/.wdm/drivers/chromedriver/mac64/146.0.7680.165/chromedriver-mac-arm64/chromedriver', '--enable-chrome-logs', '--port=63872']' timed out after 60 seconds
[2026-04-01 00:28:57] [WARNING]   ❌ Failed to fetch https://shop.royalchallengers.com/ticket
[2026-04-01 00:28:57] [INFO] Starting next check cycle immediately...

[2026-04-01 00:28:58] [INFO] Check #107: Starting scan...
[2026-04-01 00:28:58] [INFO]   Checking: https://shop.royalchallengers.com/ticket
[2026-04-01 00:29:31] [ERROR] Error setting up Chrome driver: Message: Can not connect to the Service /Users/mallikarjun.h/.wdm/drivers/chromedriver/mac64/146.0.7680.165/chromedriver-mac-arm64/chromedriver

Service process refused to terminate gracefully with SIGTERM, escalating to SIGKILL.
Traceback (most recent call last):
  File "/Users/mallikarjun.h/rcb-ticket-monitor/venv/lib/python3.9/site-packages/selenium/webdriver/common/service.py", line 180, in _terminate_process
    self.process.wait(60)
  File "/Library/Developer/CommandLineTools/Library/Frameworks/Python3.framework/Versions/3.9/lib/python3.9/subprocess.py", line 1189, in wait
    return self._wait(timeout=timeout)
  File "/Library/Developer/CommandLineTools/Library/Frameworks/Python3.framework/Versions/3.9/lib/python3.9/subprocess.py", line 1909, in _wait
    raise TimeoutExpired(self.args, timeout)
subprocess.TimeoutExpired: Command '['/Users/mallikarjun.h/.wdm/drivers/chromedriver/mac64/146.0.7680.165/chromedriver-mac-arm64/chromedriver', '--enable-chrome-logs', '--port=64029']' timed out after 60 seconds
[2026-04-01 00:30:31] [WARNING]   ❌ Failed to fetch https://shop.royalchallengers.com/ticket
[2026-04-01 00:30:31] [INFO] Starting next check cycle immediately...

[2026-04-01 00:30:32] [INFO] Check #108: Starting scan...
[2026-04-01 00:30:32] [INFO]   Checking: https://shop.royalchallengers.com/ticket
[2026-04-01 00:31:05] [ERROR] Error setting up Chrome driver: Message: Can not connect to the Service /Users/mallikarjun.h/.wdm/drivers/chromedriver/mac64/146.0.7680.165/chromedriver-mac-arm64/chromedriver

Service process refused to terminate gracefully with SIGTERM, escalating to SIGKILL.
Traceback (most recent call last):
  File "/Users/mallikarjun.h/rcb-ticket-monitor/venv/lib/python3.9/site-packages/selenium/webdriver/common/service.py", line 180, in _terminate_process
    self.process.wait(60)
  File "/Library/Developer/CommandLineTools/Library/Frameworks/Python3.framework/Versions/3.9/lib/python3.9/subprocess.py", line 1189, in wait
    return self._wait(timeout=timeout)
  File "/Library/Developer/CommandLineTools/Library/Frameworks/Python3.framework/Versions/3.9/lib/python3.9/subprocess.py", line 1909, in _wait
    raise TimeoutExpired(self.args, timeout)
subprocess.TimeoutExpired: Command '['/Users/mallikarjun.h/.wdm/drivers/chromedriver/mac64/146.0.7680.165/chromedriver-mac-arm64/chromedriver', '--enable-chrome-logs', '--port=64177']' timed out after 60 seconds
[2026-04-01 00:32:05] [WARNING]   ❌ Failed to fetch https://shop.royalchallengers.com/ticket
[2026-04-01 00:32:05] [INFO] Starting next check cycle immediately...

[2026-04-01 00:32:06] [INFO] Check #109: Starting scan...
[2026-04-01 00:32:06] [INFO]   Checking: https://shop.royalchallengers.com/ticket
[2026-04-01 00:32:39] [ERROR] Error setting up Chrome driver: Message: Can not connect to the Service /Users/mallikarjun.h/.wdm/drivers/chromedriver/mac64/146.0.7680.165/chromedriver-mac-arm64/chromedriver

Service process refused to terminate gracefully with SIGTERM, escalating to SIGKILL.
Traceback (most recent call last):
  File "/Users/mallikarjun.h/rcb-ticket-monitor/venv/lib/python3.9/site-packages/selenium/webdriver/common/service.py", line 180, in _terminate_process
    self.process.wait(60)
  File "/Library/Developer/CommandLineTools/Library/Frameworks/Python3.framework/Versions/3.9/lib/python3.9/subprocess.py", line 1189, in wait
    return self._wait(timeout=timeout)
  File "/Library/Developer/CommandLineTools/Library/Frameworks/Python3.framework/Versions/3.9/lib/python3.9/subprocess.py", line 1909, in _wait
    raise TimeoutExpired(self.args, timeout)
subprocess.TimeoutExpired: Command '['/Users/mallikarjun.h/.wdm/drivers/chromedriver/mac64/146.0.7680.165/chromedriver-mac-arm64/chromedriver', '--enable-chrome-logs', '--port=64331']' timed out after 60 seconds
[2026-04-01 00:33:39] [WARNING]   ❌ Failed to fetch https://shop.royalchallengers.com/ticket
[2026-04-01 00:33:39] [INFO] Starting next check cycle immediately...

[2026-04-01 00:33:40] [INFO] Check #110: Starting scan...
[2026-04-01 00:33:40] [INFO]   Checking: https://shop.royalchallengers.com/ticket
[2026-04-01 00:34:13] [ERROR] Error setting up Chrome driver: Message: Can not connect to the Service /Users/mallikarjun.h/.wdm/drivers/chromedriver/mac64/146.0.7680.165/chromedriver-mac-arm64/chromedriver

